<?xml version="1.0" encoding="UTF-8"?>
<testng-results ignored="0" total="1" passed="1" failed="0" skipped="0">
  <reporter-output>
  </reporter-output>
  <suite started-at="2022-11-28T18:54:56 IST" name="Suite" finished-at="2022-11-28T18:55:00 IST" duration-ms="3597">
    <groups>
    </groups>
    <test started-at="2022-11-28T18:54:56 IST" name="Test" finished-at="2022-11-28T18:55:00 IST" duration-ms="3597">
      <class name="test.GoogleTest">
        <test-method signature="google()[pri:0, instance:test.GoogleTest@635eaaf1]" started-at="2022-11-28T18:54:56 IST" name="google" finished-at="2022-11-28T18:55:00 IST" duration-ms="3547" status="PASS">
          <reporter-output>
          </reporter-output>
        </test-method> <!-- google -->
      </class> <!-- test.GoogleTest -->
    </test> <!-- Test -->
  </suite> <!-- Suite -->
</testng-results>
