<?xml version="1.0" encoding="UTF-8"?>
<testng-results ignored="0" total="1" passed="1" failed="0" skipped="0">
  <reporter-output>
  </reporter-output>
  <suite started-at="2022-11-28T18:48:38 IST" name="Default suite" finished-at="2022-11-28T18:48:43 IST" duration-ms="4862">
    <groups>
    </groups>
    <test started-at="2022-11-28T18:48:38 IST" name="Default test" finished-at="2022-11-28T18:48:43 IST" duration-ms="4862">
      <class name="test.GoogleTest">
        <test-method signature="google()[pri:0, instance:test.GoogleTest@6404f418]" started-at="2022-11-28T18:48:38 IST" name="google" finished-at="2022-11-28T18:48:43 IST" duration-ms="4771" status="PASS">
          <reporter-output>
          </reporter-output>
        </test-method> <!-- google -->
      </class> <!-- test.GoogleTest -->
    </test> <!-- Default test -->
  </suite> <!-- Default suite -->
</testng-results>
